# JRE version: OpenJDK Runtime Environment (8.0_242-b01) (build 1.8.0_242-release-1644-b01)
# Java VM: OpenJDK 64-Bit Server VM (25.242-b01 mixed mode windows-amd64 compressed oops)
Heap:
 PSYoungGen      total 376320K, used 92648K [0x00000000d5580000, 0x00000000f1d00000, 0x0000000100000000)
  eden space 347648K, 18% used [0x00000000d5580000,0x00000000d9401f08,0x00000000ea900000)
  from space 28672K, 99% used [0x00000000ea900000,0x00000000ec4f84b8,0x00000000ec500000)
  to   space 37376K, 0% used [0x00000000ef880000,0x00000000ef880000,0x00000000f1d00000)
 ParOldGen       total 147456K, used 77085K [0x0000000080000000, 0x0000000089000000, 0x00000000d5580000)
  object space 147456K, 52% used [0x0000000080000000,0x0000000084b477c8,0x0000000089000000)
 Metaspace       used 114536K, capacity 121867K, committed 121896K, reserved 1155072K
  class space    used 15082K, capacity 16404K, committed 16432K, reserved 1048576K
GC Heap History (10 events):
Event: 974.040 GC heap before
{Heap before GC invocations=21 (full 3):
 PSYoungGen      total 334336K, used 317488K [0x00000000d5580000, 0x00000000ede00000, 0x0000000100000000)
  eden space 312832K, 100% used [0x00000000d5580000,0x00000000e8700000,0x00000000e8700000)
  from space 21504K, 21% used [0x00000000e8700000,0x00000000e8b8c010,0x00000000e9c00000)
  to   space 20992K, 0% used [0x00000000ec980000,0x00000000ec980000,0x00000000ede00000)
 ParOldGen       total 89600K, used 45562K [0x0000000080000000, 0x0000000085780000, 0x00000000d5580000)
  object space 89600K, 50% used [0x0000000080000000,0x0000000082c7eba0,0x0000000085780000)
 Metaspace       used 80051K, capacity 84794K, committed 85032K, reserved 1122304K
  class space    used 10608K, capacity 11454K, committed 11568K, reserved 1048576K
Event: 974.105 GC heap after
Heap after GC invocations=21 (full 3):
 PSYoungGen      total 371200K, used 18691K [0x00000000d5580000, 0x00000000edc00000, 0x0000000100000000)
  eden space 352256K, 0% used [0x00000000d5580000,0x00000000d5580000,0x00000000ead80000)
  from space 18944K, 98% used [0x00000000ec980000,0x00000000edbc0cd0,0x00000000edc00000)
  to   space 23552K, 0% used [0x00000000eae00000,0x00000000eae00000,0x00000000ec500000)
 ParOldGen       total 89600K, used 45570K [0x0000000080000000, 0x0000000085780000, 0x00000000d5580000)
  object space 89600K, 50% used [0x0000000080000000,0x0000000082c80ba0,0x0000000085780000)
 Metaspace       used 80051K, capacity 84794K, committed 85032K, reserved 1122304K
  class space    used 10608K, capacity 11454K, committed 11568K, reserved 1048576K
}
Event: 1092.127 GC heap before
{Heap before GC invocations=22 (full 3):
 PSYoungGen      total 371200K, used 217808K [0x00000000d5580000, 0x00000000edc00000, 0x0000000100000000)
  eden space 352256K, 56% used [0x00000000d5580000,0x00000000e17f33b8,0x00000000ead80000)
  from space 18944K, 98% used [0x00000000ec980000,0x00000000edbc0cd0,0x00000000edc00000)
  to   space 23552K, 0% used [0x00000000eae00000,0x00000000eae00000,0x00000000ec500000)
 ParOldGen       total 89600K, used 45570K [0x0000000080000000, 0x0000000085780000, 0x00000000d5580000)
  object space 89600K, 50% used [0x0000000080000000,0x0000000082c80ba0,0x0000000085780000)
 Metaspace       used 92904K, capacity 98401K, committed 98600K, reserved 1134592K
  class space    used 12255K, capacity 13360K, committed 13360K, reserved 1048576K
Event: 1092.206 GC heap after
Heap after GC invocations=22 (full 3):
 PSYoungGen      total 360448K, used 23542K [0x00000000d5580000, 0x00000000ed780000, 0x0000000100000000)
  eden space 336896K, 0% used [0x00000000d5580000,0x00000000d5580000,0x00000000e9e80000)
  from space 23552K, 99% used [0x00000000eae00000,0x00000000ec4fd8d8,0x00000000ec500000)
  to   space 18944K, 0% used [0x00000000ec500000,0x00000000ec500000,0x00000000ed780000)
 ParOldGen       total 89600K, used 49873K [0x0000000080000000, 0x0000000085780000, 0x00000000d5580000)
  object space 89600K, 55% used [0x0000000080000000,0x00000000830b4528,0x0000000085780000)
 Metaspace       used 92904K, capacity 98401K, committed 98600K, reserved 1134592K
  class space    used 12255K, capacity 13360K, committed 13360K, reserved 1048576K
}
Event: 1092.206 GC heap before
{Heap before GC invocations=23 (full 4):
 PSYoungGen      total 360448K, used 23542K [0x00000000d5580000, 0x00000000ed780000, 0x0000000100000000)
  eden space 336896K, 0% used [0x00000000d5580000,0x00000000d5580000,0x00000000e9e80000)
  from space 23552K, 99% used [0x00000000eae00000,0x00000000ec4fd8d8,0x00000000ec500000)
  to   space 18944K, 0% used [0x00000000ec500000,0x00000000ec500000,0x00000000ed780000)
 ParOldGen       total 89600K, used 49873K [0x0000000080000000, 0x0000000085780000, 0x00000000d5580000)
  object space 89600K, 55% used [0x0000000080000000,0x00000000830b4528,0x0000000085780000)
 Metaspace       used 92904K, capacity 98401K, committed 98600K, reserved 1134592K
  class space    used 12255K, capacity 13360K, committed 13360K, reserved 1048576K
Event: 1092.921 GC heap after
Heap after GC invocations=23 (full 4):
 PSYoungGen      total 360448K, used 0K [0x00000000d5580000, 0x00000000ed780000, 0x0000000100000000)
  eden space 336896K, 0% used [0x00000000d5580000,0x00000000d5580000,0x00000000e9e80000)
  from space 23552K, 0% used [0x00000000eae00000,0x00000000eae00000,0x00000000ec500000)
  to   space 18944K, 0% used [0x00000000ec500000,0x00000000ec500000,0x00000000ed780000)
 ParOldGen       total 147456K, used 65324K [0x0000000080000000, 0x0000000089000000, 0x00000000d5580000)
  object space 147456K, 44% used [0x0000000080000000,0x0000000083fcb000,0x0000000089000000)
 Metaspace       used 92788K, capacity 98079K, committed 98600K, reserved 1134592K
  class space    used 12220K, capacity 13281K, committed 13360K, reserved 1048576K
}
Event: 1782.994 GC heap before
{Heap before GC invocations=24 (full 4):
 PSYoungGen      total 360448K, used 336896K [0x00000000d5580000, 0x00000000ed780000, 0x0000000100000000)
  eden space 336896K, 100% used [0x00000000d5580000,0x00000000e9e80000,0x00000000e9e80000)
  from space 23552K, 0% used [0x00000000eae00000,0x00000000eae00000,0x00000000ec500000)
  to   space 18944K, 0% used [0x00000000ec500000,0x00000000ec500000,0x00000000ed780000)
 ParOldGen       total 147456K, used 65324K [0x0000000080000000, 0x0000000089000000, 0x00000000d5580000)
  object space 147456K, 44% used [0x0000000080000000,0x0000000083fcb000,0x0000000089000000)
 Metaspace       used 96315K, capacity 102257K, committed 102440K, reserved 1138688K
  class space    used 12639K, capacity 13792K, committed 13872K, reserved 1048576K
Event: 1783.138 GC heap after
Heap after GC invocations=24 (full 4):
 PSYoungGen      total 366592K, used 14508K [0x00000000d5580000, 0x00000000ef900000, 0x0000000100000000)
  eden space 347648K, 0% used [0x00000000d5580000,0x00000000d5580000,0x00000000ea900000)
  from space 18944K, 76% used [0x00000000ec500000,0x00000000ed32b248,0x00000000ed780000)
  to   space 28672K, 0% used [0x00000000ea900000,0x00000000ea900000,0x00000000ec500000)
 ParOldGen       total 147456K, used 65332K [0x0000000080000000, 0x0000000089000000, 0x00000000d5580000)
  object space 147456K, 44% used [0x0000000080000000,0x0000000083fcd000,0x0000000089000000)
 Metaspace       used 96315K, capacity 102257K, committed 102440K, reserved 1138688K
  class space    used 12639K, capacity 13792K, committed 13872K, reserved 1048576K
}
Event: 1842.748 GC heap before
{Heap before GC invocations=25 (full 4):
 PSYoungGen      total 366592K, used 362156K [0x00000000d5580000, 0x00000000ef900000, 0x0000000100000000)
  eden space 347648K, 100% used [0x00000000d5580000,0x00000000ea900000,0x00000000ea900000)
  from space 18944K, 76% used [0x00000000ec500000,0x00000000ed32b248,0x00000000ed780000)
  to   space 28672K, 0% used [0x00000000ea900000,0x00000000ea900000,0x00000000ec500000)
 ParOldGen       total 147456K, used 65332K [0x0000000080000000, 0x0000000089000000, 0x00000000d5580000)
  object space 147456K, 44% used [0x0000000080000000,0x0000000083fcd000,0x0000000089000000)
 Metaspace       used 114184K, capacity 121501K, committed 121640K, reserved 1155072K
  class space    used 15081K, capacity 16403K, committed 16432K, reserved 1048576K
Event: 1843.479 GC heap after
Heap after GC invocations=25 (full 4):
 PSYoungGen      total 376320K, used 28641K [0x00000000d5580000, 0x00000000f1d00000, 0x0000000100000000)
  eden space 347648K, 0% used [0x00000000d5580000,0x00000000d5580000,0x00000000ea900000)
  from space 28672K, 99% used [0x00000000ea900000,0x00000000ec4f84b8,0x00000000ec500000)
  to   space 37376K, 0% used [0x00000000ef880000,0x00000000ef880000,0x00000000f1d00000)
 ParOldGen       total 147456K, used 77085K [0x0000000080000000, 0x0000000089000000, 0x00000000d5580000)
  object space 147456K, 52% used [0x0000000080000000,0x0000000084b477c8,0x0000000089000000)
 Metaspace       used 114184K, capacity 121501K, committed 121640K, reserved 1155072K
  class space    used 15081K, capacity 16403K, committed 16432K, reserved 1048576K
}

