# JRE version: OpenJDK Runtime Environment (8.0_242-b01) (build 1.8.0_242-release-1644-b01)
# Java VM: OpenJDK 64-Bit Server VM (25.242-b01 mixed mode windows-amd64 compressed oops)
Heap:
 PSYoungGen      total 540672K, used 341953K [0x00000000d5580000, 0x00000000fc200000, 0x0000000100000000)
  eden space 504320K, 66% used [0x00000000d5580000,0x00000000e9d8c6f0,0x00000000f4200000)
  from space 36352K, 16% used [0x00000000f4200000,0x00000000f47e4010,0x00000000f6580000)
  to   space 34816K, 0% used [0x00000000fa000000,0x00000000fa000000,0x00000000fc200000)
 ParOldGen       total 166912K, used 96890K [0x0000000080000000, 0x000000008a300000, 0x00000000d5580000)
  object space 166912K, 58% used [0x0000000080000000,0x0000000085e9ea48,0x000000008a300000)
 Metaspace       used 99606K, capacity 107682K, committed 107816K, reserved 1142784K
  class space    used 13021K, capacity 14337K, committed 14376K, reserved 1048576K
GC Heap History (10 events):
Event: 2484.432 GC heap before
{Heap before GC invocations=23 (full 4):
 PSYoungGen      total 400384K, used 388398K [0x00000000d5580000, 0x00000000f0b80000, 0x0000000100000000)
  eden space 369664K, 100% used [0x00000000d5580000,0x00000000ebe80000,0x00000000ebe80000)
  from space 30720K, 60% used [0x00000000eed80000,0x00000000effcbbe0,0x00000000f0b80000)
  to   space 39424K, 0% used [0x00000000ebe80000,0x00000000ebe80000,0x00000000ee500000)
 ParOldGen       total 166912K, used 92392K [0x0000000080000000, 0x000000008a300000, 0x00000000d5580000)
  object space 166912K, 55% used [0x0000000080000000,0x0000000085a3a280,0x000000008a300000)
 Metaspace       used 95645K, capacity 100494K, committed 100776K, reserved 1136640K
  class space    used 12536K, capacity 13449K, committed 13480K, reserved 1048576K
Event: 2484.625 GC heap after
Heap after GC invocations=23 (full 4):
 PSYoungGen      total 409088K, used 11733K [0x00000000d5580000, 0x00000000f5800000, 0x0000000100000000)
  eden space 369664K, 0% used [0x00000000d5580000,0x00000000d5580000,0x00000000ebe80000)
  from space 39424K, 29% used [0x00000000ebe80000,0x00000000ec9f55d0,0x00000000ee500000)
  to   space 37888K, 0% used [0x00000000f3300000,0x00000000f3300000,0x00000000f5800000)
 ParOldGen       total 166912K, used 95687K [0x0000000080000000, 0x000000008a300000, 0x00000000d5580000)
  object space 166912K, 57% used [0x0000000080000000,0x0000000085d71e38,0x000000008a300000)
 Metaspace       used 95645K, capacity 100494K, committed 100776K, reserved 1136640K
  class space    used 12536K, capacity 13449K, committed 13480K, reserved 1048576K
}
Event: 2765.984 GC heap before
{Heap before GC invocations=24 (full 4):
 PSYoungGen      total 409088K, used 381397K [0x00000000d5580000, 0x00000000f5800000, 0x0000000100000000)
  eden space 369664K, 100% used [0x00000000d5580000,0x00000000ebe80000,0x00000000ebe80000)
  from space 39424K, 29% used [0x00000000ebe80000,0x00000000ec9f55d0,0x00000000ee500000)
  to   space 37888K, 0% used [0x00000000f3300000,0x00000000f3300000,0x00000000f5800000)
 ParOldGen       total 166912K, used 95687K [0x0000000080000000, 0x000000008a300000, 0x00000000d5580000)
  object space 166912K, 57% used [0x0000000080000000,0x0000000085d71e38,0x000000008a300000)
 Metaspace       used 96488K, capacity 101792K, committed 101928K, reserved 1138688K
  class space    used 12595K, capacity 13554K, committed 13608K, reserved 1048576K
Event: 2766.226 GC heap after
Heap after GC invocations=24 (full 4):
 PSYoungGen      total 468480K, used 5424K [0x00000000d5580000, 0x00000000f4d80000, 0x0000000100000000)
  eden space 441344K, 0% used [0x00000000d5580000,0x00000000d5580000,0x00000000f0480000)
  from space 27136K, 19% used [0x00000000f3300000,0x00000000f384c030,0x00000000f4d80000)
  to   space 37376K, 0% used [0x00000000f0480000,0x00000000f0480000,0x00000000f2900000)
 ParOldGen       total 166912K, used 96205K [0x0000000080000000, 0x000000008a300000, 0x00000000d5580000)
  object space 166912K, 57% used [0x0000000080000000,0x0000000085df3438,0x000000008a300000)
 Metaspace       used 96488K, capacity 101792K, committed 101928K, reserved 1138688K
  class space    used 12595K, capacity 13554K, committed 13608K, reserved 1048576K
}
Event: 3233.448 GC heap before
{Heap before GC invocations=25 (full 4):
 PSYoungGen      total 468480K, used 446768K [0x00000000d5580000, 0x00000000f4d80000, 0x0000000100000000)
  eden space 441344K, 100% used [0x00000000d5580000,0x00000000f0480000,0x00000000f0480000)
  from space 27136K, 19% used [0x00000000f3300000,0x00000000f384c030,0x00000000f4d80000)
  to   space 37376K, 0% used [0x00000000f0480000,0x00000000f0480000,0x00000000f2900000)
 ParOldGen       total 166912K, used 96205K [0x0000000080000000, 0x000000008a300000, 0x00000000d5580000)
  object space 166912K, 57% used [0x0000000080000000,0x0000000085df3438,0x000000008a300000)
 Metaspace       used 97473K, capacity 103678K, committed 103976K, reserved 1138688K
  class space    used 12731K, capacity 13803K, committed 13864K, reserved 1048576K
Event: 3233.702 GC heap after
Heap after GC invocations=25 (full 4):
 PSYoungGen      total 478720K, used 4800K [0x00000000d5580000, 0x00000000f9480000, 0x0000000100000000)
  eden space 441344K, 0% used [0x00000000d5580000,0x00000000d5580000,0x00000000f0480000)
  from space 37376K, 12% used [0x00000000f0480000,0x00000000f0930000,0x00000000f2900000)
  to   space 36864K, 0% used [0x00000000f7080000,0x00000000f7080000,0x00000000f9480000)
 ParOldGen       total 166912K, used 96874K [0x0000000080000000, 0x000000008a300000, 0x00000000d5580000)
  object space 166912K, 58% used [0x0000000080000000,0x0000000085e9aa48,0x000000008a300000)
 Metaspace       used 97473K, capacity 103678K, committed 103976K, reserved 1138688K
  class space    used 12731K, capacity 13803K, committed 13864K, reserved 1048576K
}
Event: 3704.264 GC heap before
{Heap before GC invocations=26 (full 4):
 PSYoungGen      total 478720K, used 446144K [0x00000000d5580000, 0x00000000f9480000, 0x0000000100000000)
  eden space 441344K, 100% used [0x00000000d5580000,0x00000000f0480000,0x00000000f0480000)
  from space 37376K, 12% used [0x00000000f0480000,0x00000000f0930000,0x00000000f2900000)
  to   space 36864K, 0% used [0x00000000f7080000,0x00000000f7080000,0x00000000f9480000)
 ParOldGen       total 166912K, used 96874K [0x0000000080000000, 0x000000008a300000, 0x00000000d5580000)
  object space 166912K, 58% used [0x0000000080000000,0x0000000085e9aa48,0x000000008a300000)
 Metaspace       used 97820K, capacity 104018K, committed 104232K, reserved 1140736K
  class space    used 12734K, capacity 13805K, committed 13864K, reserved 1048576K
Event: 3704.576 GC heap after
Heap after GC invocations=26 (full 4):
 PSYoungGen      total 529408K, used 3168K [0x00000000d5580000, 0x00000000f8900000, 0x0000000100000000)
  eden space 504320K, 0% used [0x00000000d5580000,0x00000000d5580000,0x00000000f4200000)
  from space 25088K, 12% used [0x00000000f7080000,0x00000000f7398000,0x00000000f8900000)
  to   space 36352K, 0% used [0x00000000f4200000,0x00000000f4200000,0x00000000f6580000)
 ParOldGen       total 166912K, used 96882K [0x0000000080000000, 0x000000008a300000, 0x00000000d5580000)
  object space 166912K, 58% used [0x0000000080000000,0x0000000085e9ca48,0x000000008a300000)
 Metaspace       used 97820K, capacity 104018K, committed 104232K, reserved 1140736K
  class space    used 12734K, capacity 13805K, committed 13864K, reserved 1048576K
}
Event: 4124.500 GC heap before
{Heap before GC invocations=27 (full 4):
 PSYoungGen      total 529408K, used 507488K [0x00000000d5580000, 0x00000000f8900000, 0x0000000100000000)
  eden space 504320K, 100% used [0x00000000d5580000,0x00000000f4200000,0x00000000f4200000)
  from space 25088K, 12% used [0x00000000f7080000,0x00000000f7398000,0x00000000f8900000)
  to   space 36352K, 0% used [0x00000000f4200000,0x00000000f4200000,0x00000000f6580000)
 ParOldGen       total 166912K, used 96882K [0x0000000080000000, 0x000000008a300000, 0x00000000d5580000)
  object space 166912K, 58% used [0x0000000080000000,0x0000000085e9ca48,0x000000008a300000)
 Metaspace       used 99462K, capacity 107418K, committed 107560K, reserved 1142784K
  class space    used 13021K, capacity 14337K, committed 14376K, reserved 1048576K
Event: 4124.961 GC heap after
Heap after GC invocations=27 (full 4):
 PSYoungGen      total 540672K, used 6032K [0x00000000d5580000, 0x00000000fc200000, 0x0000000100000000)
  eden space 504320K, 0% used [0x00000000d5580000,0x00000000d5580000,0x00000000f4200000)
  from space 36352K, 16% used [0x00000000f4200000,0x00000000f47e4010,0x00000000f6580000)
  to   space 34816K, 0% used [0x00000000fa000000,0x00000000fa000000,0x00000000fc200000)
 ParOldGen       total 166912K, used 96890K [0x0000000080000000, 0x000000008a300000, 0x00000000d5580000)
  object space 166912K, 58% used [0x0000000080000000,0x0000000085e9ea48,0x000000008a300000)
 Metaspace       used 99462K, capacity 107418K, committed 107560K, reserved 1142784K
  class space    used 13021K, capacity 14337K, committed 14376K, reserved 1048576K
}

