# JRE version: OpenJDK Runtime Environment (8.0_242-b01) (build 1.8.0_242-release-1644-b01)
# Java VM: OpenJDK 64-Bit Server VM (25.242-b01 mixed mode windows-amd64 compressed oops)
Heap:
 PSYoungGen      total 208896K, used 85624K [0x00000000d5580000, 0x00000000e7d80000, 0x0000000100000000)
  eden space 181248K, 45% used [0x00000000d5580000,0x00000000da625b50,0x00000000e0680000)
  from space 27648K, 11% used [0x00000000e0680000,0x00000000e09785f0,0x00000000e2180000)
  to   space 46080K, 0% used [0x00000000e5080000,0x00000000e5080000,0x00000000e7d80000)
 ParOldGen       total 203264K, used 101760K [0x0000000080000000, 0x000000008c680000, 0x00000000d5580000)
  object space 203264K, 50% used [0x0000000080000000,0x00000000863601a0,0x000000008c680000)
 Metaspace       used 83670K, capacity 87888K, committed 87960K, reserved 1126400K
  class space    used 11112K, capacity 11895K, committed 11952K, reserved 1048576K
GC Heap History (10 events):
Event: 220.465 GC heap before
{Heap before GC invocations=21 (full 3):
 PSYoungGen      total 174592K, used 172670K [0x00000000d5580000, 0x00000000e2700000, 0x0000000100000000)
  eden space 156160K, 99% used [0x00000000d5580000,0x00000000dedff210,0x00000000dee00000)
  from space 18432K, 89% used [0x00000000dee00000,0x00000000dfe20830,0x00000000e0000000)
  to   space 20480K, 0% used [0x00000000e1300000,0x00000000e1300000,0x00000000e2700000)
 ParOldGen       total 101888K, used 35194K [0x0000000080000000, 0x0000000086380000, 0x00000000d5580000)
  object space 101888K, 34% used [0x0000000080000000,0x000000008225e908,0x0000000086380000)
 Metaspace       used 70644K, capacity 73818K, committed 74008K, reserved 1114112K
  class space    used 9410K, capacity 10018K, committed 10032K, reserved 1048576K
Event: 220.572 GC heap after
Heap after GC invocations=21 (full 3):
 PSYoungGen      total 189440K, used 20449K [0x00000000d5580000, 0x00000000e3000000, 0x0000000100000000)
  eden space 168960K, 0% used [0x00000000d5580000,0x00000000d5580000,0x00000000dfa80000)
  from space 20480K, 99% used [0x00000000e1300000,0x00000000e26f84b0,0x00000000e2700000)
  to   space 25088K, 0% used [0x00000000dfa80000,0x00000000dfa80000,0x00000000e1300000)
 ParOldGen       total 101888K, used 38582K [0x0000000080000000, 0x0000000086380000, 0x00000000d5580000)
  object space 101888K, 37% used [0x0000000080000000,0x00000000825ad970,0x0000000086380000)
 Metaspace       used 70644K, capacity 73818K, committed 74008K, reserved 1114112K
  class space    used 9410K, capacity 10018K, committed 10032K, reserved 1048576K
}
Event: 512.867 GC heap before
{Heap before GC invocations=22 (full 3):
 PSYoungGen      total 189440K, used 189409K [0x00000000d5580000, 0x00000000e3000000, 0x0000000100000000)
  eden space 168960K, 100% used [0x00000000d5580000,0x00000000dfa80000,0x00000000dfa80000)
  from space 20480K, 99% used [0x00000000e1300000,0x00000000e26f84b0,0x00000000e2700000)
  to   space 25088K, 0% used [0x00000000dfa80000,0x00000000dfa80000,0x00000000e1300000)
 ParOldGen       total 101888K, used 38582K [0x0000000080000000, 0x0000000086380000, 0x00000000d5580000)
  object space 101888K, 37% used [0x0000000080000000,0x00000000825ad970,0x0000000086380000)
 Metaspace       used 71638K, capacity 74990K, committed 75160K, reserved 1114112K
  class space    used 9451K, capacity 10080K, committed 10160K, reserved 1048576K
Event: 513.085 GC heap after
Heap after GC invocations=22 (full 3):
 PSYoungGen      total 194048K, used 4992K [0x00000000d5580000, 0x00000000e3980000, 0x0000000100000000)
  eden space 168960K, 0% used [0x00000000d5580000,0x00000000d5580000,0x00000000dfa80000)
  from space 25088K, 19% used [0x00000000dfa80000,0x00000000dff60020,0x00000000e1300000)
  to   space 24576K, 0% used [0x00000000e2180000,0x00000000e2180000,0x00000000e3980000)
 ParOldGen       total 101888K, used 52325K [0x0000000080000000, 0x0000000086380000, 0x00000000d5580000)
  object space 101888K, 51% used [0x0000000080000000,0x0000000083319748,0x0000000086380000)
 Metaspace       used 71638K, capacity 74990K, committed 75160K, reserved 1114112K
  class space    used 9451K, capacity 10080K, committed 10160K, reserved 1048576K
}
Event: 529.692 GC heap before
{Heap before GC invocations=23 (full 3):
 PSYoungGen      total 194048K, used 173583K [0x00000000d5580000, 0x00000000e3980000, 0x0000000100000000)
  eden space 168960K, 99% used [0x00000000d5580000,0x00000000dfa23f18,0x00000000dfa80000)
  from space 25088K, 19% used [0x00000000dfa80000,0x00000000dff60020,0x00000000e1300000)
  to   space 24576K, 0% used [0x00000000e2180000,0x00000000e2180000,0x00000000e3980000)
 ParOldGen       total 101888K, used 52325K [0x0000000080000000, 0x0000000086380000, 0x00000000d5580000)
  object space 101888K, 51% used [0x0000000080000000,0x0000000083319748,0x0000000086380000)
 Metaspace       used 77902K, capacity 81506K, committed 81688K, reserved 1120256K
  class space    used 10297K, capacity 10936K, committed 11056K, reserved 1048576K
Event: 529.940 GC heap after
Heap after GC invocations=23 (full 3):
 PSYoungGen      total 205824K, used 23103K [0x00000000d5580000, 0x00000000e4200000, 0x0000000100000000)
  eden space 181248K, 0% used [0x00000000d5580000,0x00000000d5580000,0x00000000e0680000)
  from space 24576K, 94% used [0x00000000e2180000,0x00000000e380fd50,0x00000000e3980000)
  to   space 27648K, 0% used [0x00000000e0680000,0x00000000e0680000,0x00000000e2180000)
 ParOldGen       total 101888K, used 52333K [0x0000000080000000, 0x0000000086380000, 0x00000000d5580000)
  object space 101888K, 51% used [0x0000000080000000,0x000000008331b748,0x0000000086380000)
 Metaspace       used 77902K, capacity 81506K, committed 81688K, reserved 1120256K
  class space    used 10297K, capacity 10936K, committed 11056K, reserved 1048576K
}
Event: 541.332 GC heap before
{Heap before GC invocations=24 (full 3):
 PSYoungGen      total 205824K, used 204351K [0x00000000d5580000, 0x00000000e4200000, 0x0000000100000000)
  eden space 181248K, 100% used [0x00000000d5580000,0x00000000e0680000,0x00000000e0680000)
  from space 24576K, 94% used [0x00000000e2180000,0x00000000e380fd50,0x00000000e3980000)
  to   space 27648K, 0% used [0x00000000e0680000,0x00000000e0680000,0x00000000e2180000)
 ParOldGen       total 101888K, used 52333K [0x0000000080000000, 0x0000000086380000, 0x00000000d5580000)
  object space 101888K, 51% used [0x0000000080000000,0x000000008331b748,0x0000000086380000)
 Metaspace       used 82400K, capacity 86428K, committed 86552K, reserved 1124352K
  class space    used 11000K, capacity 11727K, committed 11824K, reserved 1048576K
Event: 541.875 GC heap after
Heap after GC invocations=24 (full 3):
 PSYoungGen      total 208896K, used 27619K [0x00000000d5580000, 0x00000000e7d80000, 0x0000000100000000)
  eden space 181248K, 0% used [0x00000000d5580000,0x00000000d5580000,0x00000000e0680000)
  from space 27648K, 99% used [0x00000000e0680000,0x00000000e2178f78,0x00000000e2180000)
  to   space 46080K, 0% used [0x00000000e5080000,0x00000000e5080000,0x00000000e7d80000)
 ParOldGen       total 101888K, used 89996K [0x0000000080000000, 0x0000000086380000, 0x00000000d5580000)
  object space 101888K, 88% used [0x0000000080000000,0x00000000857e3238,0x0000000086380000)
 Metaspace       used 82400K, capacity 86428K, committed 86552K, reserved 1124352K
  class space    used 11000K, capacity 11727K, committed 11824K, reserved 1048576K
}
Event: 541.875 GC heap before
{Heap before GC invocations=25 (full 4):
 PSYoungGen      total 208896K, used 27619K [0x00000000d5580000, 0x00000000e7d80000, 0x0000000100000000)
  eden space 181248K, 0% used [0x00000000d5580000,0x00000000d5580000,0x00000000e0680000)
  from space 27648K, 99% used [0x00000000e0680000,0x00000000e2178f78,0x00000000e2180000)
  to   space 46080K, 0% used [0x00000000e5080000,0x00000000e5080000,0x00000000e7d80000)
 ParOldGen       total 101888K, used 89996K [0x0000000080000000, 0x0000000086380000, 0x00000000d5580000)
  object space 101888K, 88% used [0x0000000080000000,0x00000000857e3238,0x0000000086380000)
 Metaspace       used 82400K, capacity 86428K, committed 86552K, reserved 1124352K
  class space    used 11000K, capacity 11727K, committed 11824K, reserved 1048576K
Event: 544.673 GC heap after
Heap after GC invocations=25 (full 4):
 PSYoungGen      total 208896K, used 3041K [0x00000000d5580000, 0x00000000e7d80000, 0x0000000100000000)
  eden space 181248K, 0% used [0x00000000d5580000,0x00000000d5580000,0x00000000e0680000)
  from space 27648K, 11% used [0x00000000e0680000,0x00000000e09785f0,0x00000000e2180000)
  to   space 46080K, 0% used [0x00000000e5080000,0x00000000e5080000,0x00000000e7d80000)
 ParOldGen       total 203264K, used 101760K [0x0000000080000000, 0x000000008c680000, 0x00000000d5580000)
  object space 203264K, 50% used [0x0000000080000000,0x00000000863601a0,0x000000008c680000)
 Metaspace       used 82372K, capacity 86354K, committed 86552K, reserved 1124352K
  class space    used 10990K, capacity 11710K, committed 11824K, reserved 1048576K
}

