# JRE version: OpenJDK Runtime Environment (8.0_242-b01) (build 1.8.0_242-release-1644-b01)
# Java VM: OpenJDK 64-Bit Server VM (25.242-b01 mixed mode windows-amd64 compressed oops)
Heap:
 PSYoungGen      total 286720K, used 153865K [0x00000000d5580000, 0x00000000e8380000, 0x0000000100000000)
  eden space 268800K, 57% used [0x00000000d5580000,0x00000000debc26c0,0x00000000e5c00000)
  from space 17920K, 0% used [0x00000000e6080000,0x00000000e6080000,0x00000000e7200000)
  to   space 14336K, 0% used [0x00000000e7580000,0x00000000e7580000,0x00000000e8380000)
 ParOldGen       total 117248K, used 36395K [0x0000000080000000, 0x0000000087280000, 0x00000000d5580000)
  object space 117248K, 31% used [0x0000000080000000,0x000000008238ae98,0x0000000087280000)
 Metaspace       used 64837K, capacity 67708K, committed 67992K, reserved 1107968K
  class space    used 8977K, capacity 9563K, committed 9640K, reserved 1048576K
GC Heap History (10 events):
Event: 23.722 GC heap before
{Heap before GC invocations=8 (full 1):
 PSYoungGen      total 177152K, used 72410K [0x00000000d5580000, 0x00000000e2c80000, 0x0000000100000000)
  eden space 165376K, 36% used [0x00000000d5580000,0x00000000d90f3cd0,0x00000000df700000)
  from space 11776K, 97% used [0x00000000e2100000,0x00000000e2c42d30,0x00000000e2c80000)
  to   space 13824K, 0% used [0x00000000e1180000,0x00000000e1180000,0x00000000e1f00000)
 ParOldGen       total 49664K, used 10479K [0x0000000080000000, 0x0000000083080000, 0x00000000d5580000)
  object space 49664K, 21% used [0x0000000080000000,0x0000000080a3bfa0,0x0000000083080000)
 Metaspace       used 34296K, capacity 35424K, committed 35496K, reserved 1079296K
  class space    used 4717K, capacity 5005K, committed 5032K, reserved 1048576K
Event: 23.753 GC heap after
Heap after GC invocations=8 (full 1):
 PSYoungGen      total 206336K, used 9282K [0x00000000d5580000, 0x00000000e8380000, 0x0000000100000000)
  eden space 192512K, 0% used [0x00000000d5580000,0x00000000d5580000,0x00000000e1180000)
  from space 13824K, 67% used [0x00000000e1180000,0x00000000e1a90ad0,0x00000000e1f00000)
  to   space 14336K, 0% used [0x00000000e7580000,0x00000000e7580000,0x00000000e8380000)
 ParOldGen       total 49664K, used 10487K [0x0000000080000000, 0x0000000083080000, 0x00000000d5580000)
  object space 49664K, 21% used [0x0000000080000000,0x0000000080a3dfa0,0x0000000083080000)
 Metaspace       used 34296K, capacity 35424K, committed 35496K, reserved 1079296K
  class space    used 4717K, capacity 5005K, committed 5032K, reserved 1048576K
}
Event: 23.753 GC heap before
{Heap before GC invocations=9 (full 2):
 PSYoungGen      total 206336K, used 9282K [0x00000000d5580000, 0x00000000e8380000, 0x0000000100000000)
  eden space 192512K, 0% used [0x00000000d5580000,0x00000000d5580000,0x00000000e1180000)
  from space 13824K, 67% used [0x00000000e1180000,0x00000000e1a90ad0,0x00000000e1f00000)
  to   space 14336K, 0% used [0x00000000e7580000,0x00000000e7580000,0x00000000e8380000)
 ParOldGen       total 49664K, used 10487K [0x0000000080000000, 0x0000000083080000, 0x00000000d5580000)
  object space 49664K, 21% used [0x0000000080000000,0x0000000080a3dfa0,0x0000000083080000)
 Metaspace       used 34296K, capacity 35424K, committed 35496K, reserved 1079296K
  class space    used 4717K, capacity 5005K, committed 5032K, reserved 1048576K
Event: 23.955 GC heap after
Heap after GC invocations=9 (full 2):
 PSYoungGen      total 206336K, used 0K [0x00000000d5580000, 0x00000000e8380000, 0x0000000100000000)
  eden space 192512K, 0% used [0x00000000d5580000,0x00000000d5580000,0x00000000e1180000)
  from space 13824K, 0% used [0x00000000e1180000,0x00000000e1180000,0x00000000e1f00000)
  to   space 14336K, 0% used [0x00000000e7580000,0x00000000e7580000,0x00000000e8380000)
 ParOldGen       total 73728K, used 15620K [0x0000000080000000, 0x0000000084800000, 0x00000000d5580000)
  object space 73728K, 21% used [0x0000000080000000,0x0000000080f412f0,0x0000000084800000)
 Metaspace       used 34296K, capacity 35424K, committed 35496K, reserved 1079296K
  class space    used 4717K, capacity 5005K, committed 5032K, reserved 1048576K
}
Event: 31.760 GC heap before
{Heap before GC invocations=10 (full 2):
 PSYoungGen      total 206336K, used 192512K [0x00000000d5580000, 0x00000000e8380000, 0x0000000100000000)
  eden space 192512K, 100% used [0x00000000d5580000,0x00000000e1180000,0x00000000e1180000)
  from space 13824K, 0% used [0x00000000e1180000,0x00000000e1180000,0x00000000e1f00000)
  to   space 14336K, 0% used [0x00000000e7580000,0x00000000e7580000,0x00000000e8380000)
 ParOldGen       total 73728K, used 15620K [0x0000000080000000, 0x0000000084800000, 0x00000000d5580000)
  object space 73728K, 21% used [0x0000000080000000,0x0000000080f412f0,0x0000000084800000)
 Metaspace       used 46114K, capacity 47884K, committed 48168K, reserved 1091584K
  class space    used 6227K, capacity 6576K, committed 6696K, reserved 1048576K
Event: 31.852 GC heap after
Heap after GC invocations=10 (full 2):
 PSYoungGen      total 283136K, used 14317K [0x00000000d5580000, 0x00000000e8380000, 0x0000000100000000)
  eden space 268800K, 0% used [0x00000000d5580000,0x00000000d5580000,0x00000000e5c00000)
  from space 14336K, 99% used [0x00000000e7580000,0x00000000e837b768,0x00000000e8380000)
  to   space 17920K, 0% used [0x00000000e6080000,0x00000000e6080000,0x00000000e7200000)
 ParOldGen       total 73728K, used 18720K [0x0000000080000000, 0x0000000084800000, 0x00000000d5580000)
  object space 73728K, 25% used [0x0000000080000000,0x0000000081248170,0x0000000084800000)
 Metaspace       used 46114K, capacity 47884K, committed 48168K, reserved 1091584K
  class space    used 6227K, capacity 6576K, committed 6696K, reserved 1048576K
}
Event: 38.510 GC heap before
{Heap before GC invocations=11 (full 2):
 PSYoungGen      total 283136K, used 144086K [0x00000000d5580000, 0x00000000e8380000, 0x0000000100000000)
  eden space 268800K, 48% used [0x00000000d5580000,0x00000000dd43a2f8,0x00000000e5c00000)
  from space 14336K, 99% used [0x00000000e7580000,0x00000000e837b768,0x00000000e8380000)
  to   space 17920K, 0% used [0x00000000e6080000,0x00000000e6080000,0x00000000e7200000)
 ParOldGen       total 73728K, used 18720K [0x0000000080000000, 0x0000000084800000, 0x00000000d5580000)
  object space 73728K, 25% used [0x0000000080000000,0x0000000081248170,0x0000000084800000)
 Metaspace       used 56738K, capacity 58984K, committed 59160K, reserved 1099776K
  class space    used 7739K, capacity 8217K, committed 8232K, reserved 1048576K
Event: 38.735 GC heap after
Heap after GC invocations=11 (full 2):
 PSYoungGen      total 286720K, used 17905K [0x00000000d5580000, 0x00000000e8380000, 0x0000000100000000)
  eden space 268800K, 0% used [0x00000000d5580000,0x00000000d5580000,0x00000000e5c00000)
  from space 17920K, 99% used [0x00000000e6080000,0x00000000e71fc560,0x00000000e7200000)
  to   space 14336K, 0% used [0x00000000e7580000,0x00000000e7580000,0x00000000e8380000)
 ParOldGen       total 73728K, used 25264K [0x0000000080000000, 0x0000000084800000, 0x00000000d5580000)
  object space 73728K, 34% used [0x0000000080000000,0x00000000818ac078,0x0000000084800000)
 Metaspace       used 56738K, capacity 58984K, committed 59160K, reserved 1099776K
  class space    used 7739K, capacity 8217K, committed 8232K, reserved 1048576K
}
Event: 38.735 GC heap before
{Heap before GC invocations=12 (full 3):
 PSYoungGen      total 286720K, used 17905K [0x00000000d5580000, 0x00000000e8380000, 0x0000000100000000)
  eden space 268800K, 0% used [0x00000000d5580000,0x00000000d5580000,0x00000000e5c00000)
  from space 17920K, 99% used [0x00000000e6080000,0x00000000e71fc560,0x00000000e7200000)
  to   space 14336K, 0% used [0x00000000e7580000,0x00000000e7580000,0x00000000e8380000)
 ParOldGen       total 73728K, used 25264K [0x0000000080000000, 0x0000000084800000, 0x00000000d5580000)
  object space 73728K, 34% used [0x0000000080000000,0x00000000818ac078,0x0000000084800000)
 Metaspace       used 56738K, capacity 58984K, committed 59160K, reserved 1099776K
  class space    used 7739K, capacity 8217K, committed 8232K, reserved 1048576K
Event: 39.934 GC heap after
Heap after GC invocations=12 (full 3):
 PSYoungGen      total 286720K, used 0K [0x00000000d5580000, 0x00000000e8380000, 0x0000000100000000)
  eden space 268800K, 0% used [0x00000000d5580000,0x00000000d5580000,0x00000000e5c00000)
  from space 17920K, 0% used [0x00000000e6080000,0x00000000e6080000,0x00000000e7200000)
  to   space 14336K, 0% used [0x00000000e7580000,0x00000000e7580000,0x00000000e8380000)
 ParOldGen       total 117248K, used 36395K [0x0000000080000000, 0x0000000087280000, 0x00000000d5580000)
  object space 117248K, 31% used [0x0000000080000000,0x000000008238ae98,0x0000000087280000)
 Metaspace       used 56733K, capacity 58966K, committed 59160K, reserved 1099776K
  class space    used 7738K, capacity 8214K, committed 8232K, reserved 1048576K
}

